<?xml version="1.0" encoding="UTF-8"?>
<!-- Generated by org.testng.reporters.JUnitReportReporter -->
<testsuite skipped="0" hostname="admin-PC" name="com.crm.qa.testcases.LoginPageTest" tests="3" failures="0" timestamp="25 Mar 2018 11:25:13 GMT" time="32.942" errors="0">
  <testcase name="title" time="10.315" classname="com.crm.qa.testcases.LoginPageTest"/>
  <testcase name="Logo" time="8.656" classname="com.crm.qa.testcases.LoginPageTest"/>
  <testcase name="data" time="13.971" classname="com.crm.qa.testcases.LoginPageTest"/>
</testsuite> <!-- com.crm.qa.testcases.LoginPageTest -->
