<?xml version="1.0" encoding="UTF-8"?>
<!-- Generated by org.testng.reporters.JUnitReportReporter -->
<testsuite skipped="1" hostname="admin-PC" name="com.crm.qa.testcases.ContactsPageTest" tests="1" failures="0" timestamp="24 Mar 2018 17:18:35 GMT" time="0.000" errors="0">
  <testcase name="validateCreateContact" time="0.000" classname="com.crm.qa.testcases.ContactsPageTest">
    <skipped/>
  </testcase> <!-- validateCreateContact -->
</testsuite> <!-- com.crm.qa.testcases.ContactsPageTest -->
